0 info it worked if it ends with ok
1 verbose cli [ 'C:\\Program Files\\nodejs\\node.exe',
1 verbose cli   'C:\\Program Files\\nodejs\\node_modules\\npm\\bin\\npm-cli.js',
1 verbose cli   'run',
1 verbose cli   'start' ]
2 info using npm@4.1.2
3 info using node@v7.6.0
4 verbose run-script [ 'prestart', 'start', 'poststart' ]
5 info lifecycle react-seed@0.0.1~prestart: react-seed@0.0.1
6 silly lifecycle react-seed@0.0.1~prestart: no script for prestart, continuing
7 info lifecycle react-seed@0.0.1~start: react-seed@0.0.1
8 verbose lifecycle react-seed@0.0.1~start: unsafe-perm in lifecycle true
9 verbose lifecycle react-seed@0.0.1~start: PATH: C:\Program Files\nodejs\node_modules\npm\bin\node-gyp-bin;E:\feuiguidecode\feuiguidecode\dist\node_modules\.bin;C:\ProgramData\Oracle\Java\javapath;C:\Windows\system32;C:\Windows;C:\Windows\System32\Wbem;C:\Windows\System32\WindowsPowerShell\v1.0\;C:\Program Files (x86)\ATI Technologies\ATI.ACE\Core-Static;C:\Program Files\nodejs\;C:\Program Files\Git\cmd;C:\Program Files (x86)\Java\jre1.8.0_121\bin;C:\Program Files\TortoiseSVN\bin;C:\Program Files\Git\bin;C:\Users\Administrator\AppData\Roaming\npm;C:\Users\Administrator\AppData\Local\atom\bin
10 verbose lifecycle react-seed@0.0.1~start: CWD: E:\feuiguidecode\feuiguidecode\dist
11 silly lifecycle react-seed@0.0.1~start: Args: [ '/d /s /c', 'lite-server --config=./bs-config.js' ]
12 silly lifecycle react-seed@0.0.1~start: Returned: code: 3221225786  signal: null
13 info lifecycle react-seed@0.0.1~start: Failed to exec start script
14 verbose stack Error: react-seed@0.0.1 start: `lite-server --config=./bs-config.js`
14 verbose stack Exit status 3221225786
14 verbose stack     at EventEmitter.<anonymous> (C:\Program Files\nodejs\node_modules\npm\lib\utils\lifecycle.js:279:16)
14 verbose stack     at emitTwo (events.js:106:13)
14 verbose stack     at EventEmitter.emit (events.js:192:7)
14 verbose stack     at ChildProcess.<anonymous> (C:\Program Files\nodejs\node_modules\npm\lib\utils\spawn.js:40:14)
14 verbose stack     at emitTwo (events.js:106:13)
14 verbose stack     at ChildProcess.emit (events.js:192:7)
14 verbose stack     at maybeClose (internal/child_process.js:890:16)
14 verbose stack     at Process.ChildProcess._handle.onexit (internal/child_process.js:226:5)
15 verbose pkgid react-seed@0.0.1
16 verbose cwd E:\feuiguidecode\feuiguidecode\dist
17 error Windows_NT 6.1.7601
18 error argv "C:\\Program Files\\nodejs\\node.exe" "C:\\Program Files\\nodejs\\node_modules\\npm\\bin\\npm-cli.js" "run" "start"
19 error node v7.6.0
20 error npm  v4.1.2
21 error code ELIFECYCLE
22 error react-seed@0.0.1 start: `lite-server --config=./bs-config.js`
22 error Exit status 3221225786
23 error Failed at the react-seed@0.0.1 start script 'lite-server --config=./bs-config.js'.
23 error Make sure you have the latest version of node.js and npm installed.
23 error If you do, this is most likely a problem with the react-seed package,
23 error not with npm itself.
23 error Tell the author that this fails on your system:
23 error     lite-server --config=./bs-config.js
23 error You can get information on how to open an issue for this project with:
23 error     npm bugs react-seed
23 error Or if that isn't available, you can get their info via:
23 error     npm owner ls react-seed
23 error There is likely additional logging output above.
24 verbose exit [ 1, true ]
